<?xml version="1.0" encoding="UTF-8"?>
<!-- Generated by org.testng.reporters.JUnitReportReporter -->
<testsuite hostname="DESKTOP-HIPIDNQ" failures="0" tests="3" name="com.actitime.testscript.ActitimeProject" time="63.739" errors="0" timestamp="2023-07-25T19:58:42 IST" skipped="0">
  <testcase classname="com.actitime.testscript.ActitimeProject" name="customerModule" time="20.548"/>
  <testcase classname="com.actitime.testscript.ActitimeProject" name="projectModule" time="15.211"/>
  <testcase classname="com.actitime.testscript.ActitimeProject" name="taskModule" time="27.980"/>
</testsuite> <!-- com.actitime.testscript.ActitimeProject -->
