<?xml version="1.0" encoding="UTF-8"?>
<!-- Generated by org.testng.reporters.JUnitReportReporter -->
<testsuite hostname="DESKTOP-HIPIDNQ" failures="0" tests="3" name="com.actitime.testscript.ActitimeProject" time="52.680" errors="0" timestamp="2023-07-25T19:00:37 IST" skipped="0">
  <testcase classname="com.actitime.testscript.ActitimeProject" name="projectModule" time="13.307"/>
  <testcase classname="com.actitime.testscript.ActitimeProject" name="taskModule" time="24.425"/>
  <testcase classname="com.actitime.testscript.ActitimeProject" name="customerModule" time="14.948"/>
</testsuite> <!-- com.actitime.testscript.ActitimeProject -->
